2019-04-23 11:13:06,730 - INFO - Beginning execution of dms2_bcsubamp in directory /fh/fast/bloom_j/computational_notebooks/lgentles/2019/2B06_DMS

2019-04-23 11:13:06,730 - INFO - Progress is being logged to ./results/codoncounts/Lib1-mock-rep2.log
2019-04-23 11:13:06,740 - INFO - Version information:
	Time and date: Tue Apr 23 11:13:06 2019
	Platform: Linux-3.13.0-143-generic-x86_64-with-debian-jessie-sid
	Python version: 3.6.7 | packaged by conda-forge | (default, Nov 21 2018, 02:32:25)  [GCC 4.8.2 20140120 (Red Hat 4.8.2-15)]
	dms_tools2 version: 2.4.10
	Bio version: 1.72
	HTSeq version: 0.11.0
	pandas version: 0.24.2
	numpy version: 1.15.4
	IPython version: 7.2.0
	jupyter version: 1.0.0
	matplotlib version: 3.0.2
	plotnine version: 0.5.1
	natsort version: 5.5.0
	pystan version: 2.16.0.0
	scipy version: 1.1.0
	seaborn version: 0.9.0
	phydmslib version: 2.3.1
	statsmodels version: 0.9.0
	rpy2 version: 2.9.1
	regex version: 2.4.153
	umi_tools version: 1.0.0

2019-04-23 11:13:06,740 - INFO - Parsed the following arguments:
	outdir = ./results/codoncounts
	ncpus = -1
	use_existing = yes
	refseq = ./data/WSN-HA.fasta
	alignspecs = ['1,285,36,37', '286,570,31,32', '571,855,37,32', '856,1140,31,36', '1141,1425,29,33', '1426,1698,40,43']
	bclen = 8
	fastqdir = /fh/fast/bloom_j/SR/ngs/illumina/lgentles/190419_M03100_0418_000000000-CCW7R/Data/Intensities/BaseCalls/
	R2 = None
	R1trim = [200]
	R2trim = [170]
	bclen2 = None
	chartype = codon
	maxmuts = 4
	minq = 15
	minreads = 2
	minfraccall = 0.95
	minconcur = 0.75
	sitemask = None
	purgeread = 0
	purgebc = 0
	bcinfo = False
	name = Lib1-mock-rep2
	R1 = ['Lib1-mock-rep2_*_R1_*.fastq.gz']

2019-04-23 11:13:06,775 - INFO - Read refseq of 1698 codons from ./data/WSN-HA.fasta
2019-04-23 11:13:06,780 - INFO - Reads are in these FASTQ pairs:
	/fh/fast/bloom_j/SR/ngs/illumina/lgentles/190419_M03100_0418_000000000-CCW7R/Data/Intensities/BaseCalls/Lib1-mock-rep2_S3_L001_R1_001.fastq.gz and /fh/fast/bloom_j/SR/ngs/illumina/lgentles/190419_M03100_0418_000000000-CCW7R/Data/Intensities/BaseCalls/Lib1-mock-rep2_S3_L001_R2_001.fastq.gz

2019-04-23 11:13:06,780 - INFO - Now parsing read pairs...
2019-04-23 11:13:22,201 - INFO - Reads parsed so far: 500000
2019-04-23 11:13:37,093 - INFO - Reads parsed so far: 1000000
2019-04-23 11:13:52,646 - INFO - Reads parsed so far: 1500000
2019-04-23 11:14:06,177 - INFO - Reads parsed so far: 2000000
2019-04-23 11:14:20,002 - INFO - Reads parsed so far: 2500000
2019-04-23 11:14:34,910 - INFO - Reads parsed so far: 3000000
2019-04-23 11:14:47,325 - INFO - Reads parsed so far: 3500000
2019-04-23 11:15:02,636 - INFO - Reads parsed so far: 4000000
2019-04-23 11:15:16,609 - INFO - Reads parsed so far: 4500000
2019-04-23 11:15:29,249 - INFO - Reads parsed so far: 5000000
2019-04-23 11:15:44,107 - INFO - Parsed 5476976 reads, found 3341216 unique barcodes.
2019-04-23 11:15:44,154 - INFO - Summary stats on reads:
   total  fail filter  low Q barcode
 5476976            0         539072
2019-04-23 11:15:44,154 - INFO - Writing these stats to ./results/codoncounts/Lib1-mock-rep2_readstats.csv

2019-04-23 11:15:45,619 - INFO - Number of reads per barcode:
                 number of barcodes
number of reads                    
1                           2181601
2                            823890
3                            254908
4                             64015
5                             13681
6                              2627
7                               409
8                                71
9                                11
10                                2
22                                1
2019-04-23 11:15:45,620 - INFO - Writing these stats to ./results/codoncounts/Lib1-mock-rep2_readsperbc.csv

2019-04-23 11:15:45,625 - INFO - Examining the 3341216 barcodes to build and align subamplicons...
2019-04-23 11:15:52,093 - INFO - Barcodes examined so far: 200000
2019-04-23 11:15:58,274 - INFO - Barcodes examined so far: 400000
2019-04-23 11:16:04,543 - INFO - Barcodes examined so far: 600000
2019-04-23 11:16:10,209 - INFO - Barcodes examined so far: 800000
2019-04-23 11:16:15,516 - INFO - Barcodes examined so far: 1000000
2019-04-23 11:16:20,822 - INFO - Barcodes examined so far: 1200000
2019-04-23 11:16:25,620 - INFO - Barcodes examined so far: 1400000
2019-04-23 11:16:30,281 - INFO - Barcodes examined so far: 1600000
2019-04-23 11:16:34,646 - INFO - Barcodes examined so far: 1800000
2019-04-23 11:16:38,649 - INFO - Barcodes examined so far: 2000000
2019-04-23 11:16:42,171 - INFO - Barcodes examined so far: 2200000
2019-04-23 11:16:45,215 - INFO - Barcodes examined so far: 2400000
2019-04-23 11:16:47,843 - INFO - Barcodes examined so far: 2600000
2019-04-23 11:16:49,988 - INFO - Barcodes examined so far: 2800000
2019-04-23 11:16:51,575 - INFO - Barcodes examined so far: 3000000
2019-04-23 11:16:52,609 - INFO - Barcodes examined so far: 3200000
2019-04-23 11:16:52,887 - INFO - Examined all barcodes. Summary stats:
   total  too few reads  not alignable  aligned
 3341216        2181601         125536  1034079
2019-04-23 11:16:52,887 - INFO - Writing these stats to ./results/codoncounts/Lib1-mock-rep2_bcstats.csv

2019-04-23 11:16:52,931 - INFO - Writing the counts of each codon identity at each site to ./results/codoncounts/Lib1-mock-rep2_codoncounts.csv

2019-04-23 11:16:52,980 - INFO - Successful completion of dms2_bcsubamp
