2019-04-23 11:46:29,747 - INFO - Beginning execution of dms2_diffsel in directory /fh/fast/bloom_j/computational_notebooks/lgentles/2019/2B06_DMS

2019-04-23 11:46:29,747 - INFO - Progress is being logged to ./results/diffsel/2B06-2B06-50ug.log
2019-04-23 11:46:29,753 - INFO - Version information:
	Time and date: Tue Apr 23 11:46:29 2019
	Platform: Linux-3.13.0-165-generic-x86_64-with-debian-jessie-sid
	Python version: 3.6.7 | packaged by conda-forge | (default, Nov 21 2018, 02:32:25)  [GCC 4.8.2 20140120 (Red Hat 4.8.2-15)]
	dms_tools2 version: 2.4.10
	Bio version: 1.72
	HTSeq version: 0.11.0
	pandas version: 0.24.2
	numpy version: 1.15.4
	IPython version: 7.2.0
	jupyter version: 1.0.0
	matplotlib version: 3.0.2
	plotnine version: 0.5.1
	natsort version: 5.5.0
	pystan version: 2.16.0.0
	scipy version: 1.1.0
	seaborn version: 0.9.0
	phydmslib version: 2.3.1
	statsmodels version: 0.9.0
	rpy2 version: 2.9.1
	regex version: 2.4.153
	umi_tools version: 1.0.0

2019-04-23 11:46:29,754 - INFO - Parsed the following arguments:
	outdir = ./results/diffsel
	ncpus = 56
	use_existing = yes
	indir = ./results/codoncounts
	chartype = codon_to_aa
	excludestop = yes
	pseudocount = 5.0
	mincount = 0
	name = 2B06-2B06-50ug
	sel = 2B06-50ug
	mock = Lib1-mock-rep2
	err = WSN-HA-plasmid

2019-04-23 11:46:29,757 - INFO - Reading selected sample counts from 2B06-50ug
2019-04-23 11:46:29,783 - INFO - Reading mock-selected sample counts from Lib1-mock-rep2
2019-04-23 11:46:29,841 - INFO - Reading error-control sample counts from WSN-HA-plasmid
2019-04-23 11:46:29,859 - INFO - Computing mutdiffsel...
2019-04-23 11:46:37,285 - INFO - Mutations with largest mutdiffsel:
 site wildtype mutation  mutdiffsel
  392        T        R        7.84
  388        I        F        7.74
  393        N        R        7.67
  388        I        L        7.57
  389        N        H        7.39
  388        I        Y        7.37
  389        N        T        7.31
  389        N        R        7.27
  389        N        A        7.26
  389        N        S        6.81

2019-04-23 11:46:37,285 - INFO - Writing to ./results/diffsel/2B06-2B06-50ug_mutdiffsel.csv
2019-04-23 11:46:37,353 - INFO - Computing sitediffsel...
2019-04-23 11:46:37,405 - INFO - Sites with largest absolute sitediffsel:
 site  abs_diffsel  positive_diffsel  negative_diffsel  max_diffsel  min_diffsel
  389        69.32             67.81             -1.51         7.39        -0.82
  392        40.98             34.62             -6.36         7.84        -2.23
  390        36.49              5.11            -31.38         3.24        -5.61
   89        36.36              2.97            -33.40         2.97        -3.72
  277        36.30              0.85            -35.46         0.85        -3.24
  232        34.15              4.23            -29.92         3.68        -3.83
  415        33.29              4.31            -28.98         2.51        -3.54
  400        33.02             27.98             -5.04         5.70        -2.23
    2        30.90              1.88            -29.02         0.91        -3.19
  220        30.79              9.12            -21.67         4.45        -2.71

2019-04-23 11:46:37,405 - INFO - Writing to ./results/diffsel/2B06-2B06-50ug_sitediffsel.csv
2019-04-23 11:46:37,418 - INFO - Successful completion of dms2_diffsel
