2019-04-23 11:50:11,899 - INFO - Beginning execution of dms2_logoplot in directory /fh/fast/bloom_j/computational_notebooks/lgentles/2019/2B06_DMS

2019-04-23 11:50:11,899 - INFO - Progress is being logged to ./results/diffsel/2B06.log
2019-04-23 11:50:11,906 - INFO - Version information:
	Time and date: Tue Apr 23 11:50:11 2019
	Platform: Linux-3.13.0-165-generic-x86_64-with-debian-jessie-sid
	Python version: 3.6.7 | packaged by conda-forge | (default, Nov 21 2018, 02:32:25)  [GCC 4.8.2 20140120 (Red Hat 4.8.2-15)]
	dms_tools2 version: 2.4.10
	Bio version: 1.72
	HTSeq version: 0.11.0
	pandas version: 0.24.2
	numpy version: 1.15.4
	IPython version: 7.2.0
	jupyter version: 1.0.0
	matplotlib version: 3.0.2
	plotnine version: 0.5.1
	natsort version: 5.5.0
	pystan version: 2.16.0.0
	scipy version: 1.1.0
	seaborn version: 0.9.0
	phydmslib version: 2.3.1
	statsmodels version: 0.9.0
	rpy2 version: 2.9.1
	regex version: 2.4.153
	umi_tools version: 1.0.0

2019-04-23 11:50:11,906 - INFO - Parsed the following arguments:
	outdir = ./results/diffsel
	ncpus = -1
	use_existing = yes
	prefs = None
	diffsel = ./results/diffsel/summary_2B06-medianmutdiffsel.csv
	fracsurvive = None
	diffprefs = None
	muteffects = None
	name = 2B06
	nperline = 113
	numberevery = 10
	excludestop = no
	stringency = 1
	restrictdiffsel = positive
	diffselrange = None
	muteffectrange = None
	fracsurvivemax = None
	sortsites = yes
	mapmetric = functionalgroup
	colormap = jet
	overlay1 = ['./results/diffsel/summary_2B06-medianmutdiffsel.csv', 'wildtype', 'wildtype']
	overlay2 = None
	overlay3 = None
	underlay = yes
	scalebar = None
	overlaycolormap = jet
	letterheight = 1
	ignore_extracols = no
	sepline = no

2019-04-23 11:50:11,908 - INFO - Reading diffsel from file ./results/diffsel/summary_2B06-medianmutdiffsel.csv...
2019-04-23 11:50:11,938 - INFO - Read data for 565 sites.

2019-04-23 11:50:11,997 - INFO - Reading overlay for wildtype from ./results/diffsel/summary_2B06-medianmutdiffsel.csv...
2019-04-23 11:50:12,077 - INFO - Read overlay for 565 sites.

2019-04-23 11:50:12,077 - INFO - Making logo plot ./results/diffsel/2B06_diffsel.pdf...
2019-04-23 11:50:17,086 - INFO - Successfully created logo plot.

2019-04-23 11:50:17,087 - INFO - Successful completion of dms2_logoplot
