2019-04-23 11:46:22,719 - INFO - Beginning execution of dms2_batch_diffsel in directory /fh/fast/bloom_j/computational_notebooks/lgentles/2019/2B06_DMS

2019-04-23 11:46:22,719 - INFO - Progress is being logged to ./results/diffsel/summary.log
2019-04-23 11:46:22,729 - INFO - Version information:
	Time and date: Tue Apr 23 11:46:22 2019
	Platform: Linux-3.13.0-165-generic-x86_64-with-debian-jessie-sid
	Python version: 3.6.7 | packaged by conda-forge | (default, Nov 21 2018, 02:32:25)  [GCC 4.8.2 20140120 (Red Hat 4.8.2-15)]
	dms_tools2 version: 2.4.10
	Bio version: 1.72
	HTSeq version: 0.11.0
	pandas version: 0.24.2
	numpy version: 1.15.4
	IPython version: 7.2.0
	jupyter version: 1.0.0
	matplotlib version: 3.0.2
	plotnine version: 0.5.1
	natsort version: 5.5.0
	pystan version: 2.16.0.0
	scipy version: 1.1.0
	seaborn version: 0.9.0
	phydmslib version: 2.3.1
	statsmodels version: 0.9.0
	rpy2 version: 2.9.1
	regex version: 2.4.153
	umi_tools version: 1.0.0

2019-04-23 11:46:22,729 - INFO - Parsed the following arguments:
	outdir = ./results/diffsel
	ncpus = -1
	use_existing = yes
	indir = ./results/codoncounts
	chartype = codon_to_aa
	excludestop = yes
	pseudocount = 5
	mincount = 0
	batchfile = ./results/diffsel/batch.csv
	summaryprefix = summary

2019-04-23 11:46:22,729 - INFO - Parsing info from ./results/diffsel/batch.csv
2019-04-23 11:46:22,749 - INFO - Read the following sample information:
group,name,sel,mock,err
2B06,2B06-50ug,2B06-50ug,Lib1-mock-rep2,WSN-HA-plasmid


2019-04-23 11:46:22,763 - INFO - Running dms2_diffsel on all samples...
2019-04-23 11:46:37,778 - INFO - Completed runs of dms2_diffsel.

2019-04-23 11:46:37,797 - INFO - Analyzing the diffsel values for the 1 samples in group 2B06.
2019-04-23 11:46:37,797 - INFO - Plotting mutdiffsel correlations to ./results/diffsel/summary_2B06-mutdiffselcorr.pdf
2019-04-23 11:46:38,336 - INFO - Plotting absolutesitediffsel correlations to ./results/diffsel/summary_2B06-absolutesitediffselcorr.pdf
2019-04-23 11:46:38,621 - INFO - Plotting positivesitediffsel correlations to ./results/diffsel/summary_2B06-positivesitediffselcorr.pdf
2019-04-23 11:46:38,887 - INFO - Plotting maxmutdiffsel correlations to ./results/diffsel/summary_2B06-maxmutdiffselcorr.pdf
2019-04-23 11:46:39,207 - INFO - Writing mean mutdiffsel to ./results/diffsel/summary_2B06-meanmutdiffsel.csv
2019-04-23 11:46:39,289 - INFO - Writing mean sitediffsel to ./results/diffsel/summary_2B06-meansitediffsel.csv
2019-04-23 11:46:39,342 - INFO - Writing median mutdiffsel to ./results/diffsel/summary_2B06-medianmutdiffsel.csv
2019-04-23 11:46:39,436 - INFO - Writing median sitediffsel to ./results/diffsel/summary_2B06-mediansitediffsel.csv
2019-04-23 11:46:39,500 - INFO - Plotting mean positive diffsel to ./results/diffsel/summary_meanpositivediffsel.pdf
2019-04-23 11:46:42,416 - INFO - Plotting mean total diffsel to ./results/diffsel/summary_meantotaldiffsel.pdf
2019-04-23 11:46:45,844 - INFO - Plotting mean max diffsel to ./results/diffsel/summary_meanmaxdiffsel.pdf
2019-04-23 11:46:49,151 - INFO - Plotting mean minmax diffsel to ./results/diffsel/summary_meanminmaxdiffsel.pdf
2019-04-23 11:46:52,608 - INFO - Plotting median positive diffsel to ./results/diffsel/summary_medianpositivediffsel.pdf
2019-04-23 11:46:55,704 - INFO - Plotting median total diffsel to ./results/diffsel/summary_mediantotaldiffsel.pdf
2019-04-23 11:47:00,453 - INFO - Plotting median max diffsel to ./results/diffsel/summary_medianmaxdiffsel.pdf
2019-04-23 11:47:03,622 - INFO - Plotting median minmax diffsel to ./results/diffsel/summary_medianminmaxdiffsel.pdf
2019-04-23 11:47:07,005 - INFO - Successful completion of dms2_batch_diffsel
